c:\users\mvo\documents\github\dsfm\siftgpu\msvc\siftgpu\release_x64\vc120.pdb
c:\users\mvo\documents\github\dsfm\siftgpu\msvc\siftgpu\release_x64\siftpyramid.obj
c:\users\mvo\documents\github\dsfm\siftgpu\msvc\siftgpu\release_x64\siftmatch.obj
c:\users\mvo\documents\github\dsfm\siftgpu\msvc\siftgpu\release_x64\siftgpu.obj
c:\users\mvo\documents\github\dsfm\siftgpu\msvc\siftgpu\release_x64\shaderman.obj
c:\users\mvo\documents\github\dsfm\siftgpu\msvc\siftgpu\release_x64\serversiftgpu.obj
c:\users\mvo\documents\github\dsfm\siftgpu\msvc\siftgpu\release_x64\pyramidgl.obj
c:\users\mvo\documents\github\dsfm\siftgpu\msvc\siftgpu\release_x64\pyramidcl.obj
c:\users\mvo\documents\github\dsfm\siftgpu\msvc\siftgpu\release_x64\programgpu.obj
c:\users\mvo\documents\github\dsfm\siftgpu\msvc\siftgpu\release_x64\programglsl.obj
c:\users\mvo\documents\github\dsfm\siftgpu\msvc\siftgpu\release_x64\programcl.obj
c:\users\mvo\documents\github\dsfm\siftgpu\msvc\siftgpu\release_x64\glteximage.obj
c:\users\mvo\documents\github\dsfm\siftgpu\msvc\siftgpu\release_x64\globalutil.obj
c:\users\mvo\documents\github\dsfm\siftgpu\msvc\siftgpu\release_x64\framebufferobject.obj
c:\users\mvo\documents\github\dsfm\siftgpu\msvc\siftgpu\release_x64\clteximage.obj
c:\users\mvo\documents\github\dsfm\siftgpu\bin\siftgpu.dll
c:\users\mvo\documents\github\dsfm\siftgpu\lib\siftgpu.lib
c:\users\mvo\documents\github\dsfm\siftgpu\lib\siftgpu.exp
c:\users\mvo\documents\github\dsfm\siftgpu\msvc\siftgpu\..\..\bin\siftgpu.dll
c:\users\mvo\documents\github\dsfm\siftgpu\msvc\siftgpu\release_x64\siftgpu.tlog\cl.command.1.tlog
c:\users\mvo\documents\github\dsfm\siftgpu\msvc\siftgpu\release_x64\siftgpu.tlog\cl.read.1.tlog
c:\users\mvo\documents\github\dsfm\siftgpu\msvc\siftgpu\release_x64\siftgpu.tlog\cl.write.1.tlog
c:\users\mvo\documents\github\dsfm\siftgpu\msvc\siftgpu\release_x64\siftgpu.tlog\link.command.1.tlog
c:\users\mvo\documents\github\dsfm\siftgpu\msvc\siftgpu\release_x64\siftgpu.tlog\link.read.1.tlog
c:\users\mvo\documents\github\dsfm\siftgpu\msvc\siftgpu\release_x64\siftgpu.tlog\link.write.1.tlog
c:\users\mvo\documents\github\dsfm\siftgpu\msvc\siftgpu\release_x64\siftgpu.tlog\siftgpu.write.1u.tlog
